Authenticating pre-process... 
Time pre-process: 2018-01-23 09:01:05
Time post-process: 0ms
Authenticating post-process... 
---------> Executing Permitied Access, continue <--------- 
Authenticating pre-process... 
Authenticating user UNAUTHORIZED access code : 401
Authenticating post-process... 
---------> Executing Foriben Access <--------- 
Authenticating pre-process... 
Time pre-process: 2018-01-23 09:01:36
Time post-process: 0ms
Authenticating post-process... 
---------> Executing Permitied Access, continue <--------- 
Authenticating pre-process... 
Authenticating user UNAUTHORIZED access code : 401
Authenticating post-process... 
---------> Executing Foriben Access <--------- 
Authenticating pre-process... 
Time pre-process: 2018-01-23 09:01:55
Time post-process: 0ms
Authenticating post-process... 
---------> Executing Permitied Access, continue <--------- 
Authenticating pre-process... 
Authenticating user UNAUTHORIZED access code : 401
Authenticating post-process... 
---------> Executing Foriben Access <--------- 
Authenticating pre-process... 
Time pre-process: 2018-01-23 09:01:17
Time post-process: 0ms
Authenticating post-process... 
---------> Executing Permitied Access, continue <--------- 
Authenticating pre-process... 
Authenticating user UNAUTHORIZED access code : 401
Authenticating post-process... 
---------> Executing Foriben Access <--------- 
Authenticating pre-process... 
Time pre-process: 2018-01-23 09:01:05
Time post-process: 0ms
Authenticating post-process... 
---------> Executing Permitied Access, continue <--------- 
Authenticating pre-process... 
Authenticating user UNAUTHORIZED access code : 401
Authenticating post-process... 
---------> Executing Foriben Access <--------- 
Authenticating pre-process... 
Time pre-process: 2018-01-23 09:01:25
Time post-process: 0ms
Authenticating post-process... 
---------> Executing Permitied Access, continue <--------- 
Authenticating pre-process... 
Authenticating user UNAUTHORIZED access code : 401
Authenticating post-process... 
---------> Executing Foriben Access <--------- 
